<?xml version="1.0" encoding="UTF-8"?>
<testsuite xmlns:xsi="http://www.w3.org/2001/XMLSchema-instance" xsi:noNamespaceSchemaLocation="https://maven.apache.org/surefire/maven-surefire-plugin/xsd/surefire-test-report-3.0.xsd" version="3.0" name="com.minseg.spring.ApplicationTests" time="14.769" tests="1" errors="0" skipped="0" failures="0">
  <properties>
[...]
</properties>
  <testcase name="contextLoads" classname="com.minseg.spring.ApplicationTests" time="0.938">
    <system-out><![CDATA[20:30:08.103 [main] INFO org.springframework.test.context.support.AnnotationConfigContextLoaderUtils -- Could not detect default configuration classes for test class [com.minseg.spring.ApplicationTests]: ApplicationTests does not declare any static, non-private, non-final, nested classes annotated with @Configuration.
20:30:08.449 [main] INFO org.springframework.boot.test.context.SpringBootTestContextBootstrapper -- Found @SpringBootConfiguration com.minseg.spring.Application for test class com.minseg.spring.ApplicationTests
20:30:08.813 [main] INFO org.springframework.boot.devtools.restart.RestartApplicationListener -- Restart disabled due to context in which it is running

  __  __ _       ____            ______  
 |  \/  (_)_ __ / ___|  ___  __ _\ \ \ \ 
 | |\/| | | '_ \\___ \ / _ \/ _` |\ \ \ \
 | |  | | | | | |___) |  __/ (_| |/ / / /
 |_|  |_|_|_| |_|____/ \___|\__, /_/_/_/ 
                            |___/        

2025-02-16T20:30:09.385-03:00  INFO 7312 --- [spring] [           main] com.minseg.spring.ApplicationTests       : Starting ApplicationTests using Java 21.0.3 with PID 7312 (started by Juan in C:\Users\Juan\Documents\REPO GIT\FinalProgramacionBackend\Sistema Control Biedma Guarino - copia)
2025-02-16T20:30:09.391-03:00 DEBUG 7312 --- [spring] [           main] com.minseg.spring.ApplicationTests       : Running with Spring Boot v3.3.4, Spring v6.1.13
2025-02-16T20:30:09.392-03:00  INFO 7312 --- [spring] [           main] com.minseg.spring.ApplicationTests       : No active profile set, falling back to 1 default profile: "default"
2025-02-16T20:30:09.441-03:00 DEBUG 7312 --- [spring] [           main] o.s.w.c.s.GenericWebApplicationContext   : Refreshing org.springframework.web.context.support.GenericWebApplicationContext@47a64f7d
2025-02-16T20:30:11.191-03:00  INFO 7312 --- [spring] [           main] .s.d.r.c.RepositoryConfigurationDelegate : Bootstrapping Spring Data JPA repositories in DEFAULT mode.
2025-02-16T20:30:11.381-03:00  INFO 7312 --- [spring] [           main] .s.d.r.c.RepositoryConfigurationDelegate : Finished Spring Data repository scanning in 176 ms. Found 11 JPA repository interfaces.
2025-02-16T20:30:12.608-03:00  INFO 7312 --- [spring] [           main] o.hibernate.jpa.internal.util.LogHelper  : HHH000204: Processing PersistenceUnitInfo [name: default]
2025-02-16T20:30:12.722-03:00  INFO 7312 --- [spring] [           main] org.hibernate.Version                    : HHH000412: Hibernate ORM core version 6.5.3.Final
2025-02-16T20:30:12.805-03:00  INFO 7312 --- [spring] [           main] o.h.c.internal.RegionFactoryInitiator    : HHH000026: Second-level cache disabled
2025-02-16T20:30:13.538-03:00  INFO 7312 --- [spring] [           main] o.s.o.j.p.SpringPersistenceUnitInfo      : No LoadTimeWeaver setup: ignoring JPA class transformer
2025-02-16T20:30:13.610-03:00  INFO 7312 --- [spring] [           main] com.zaxxer.hikari.HikariDataSource       : HikariPool-1 - Starting...
2025-02-16T20:30:13.940-03:00  INFO 7312 --- [spring] [           main] com.zaxxer.hikari.pool.HikariPool        : HikariPool-1 - Added connection com.mysql.cj.jdbc.ConnectionImpl@3f3c5ecd
2025-02-16T20:30:13.944-03:00  INFO 7312 --- [spring] [           main] com.zaxxer.hikari.HikariDataSource       : HikariPool-1 - Start completed.
2025-02-16T20:30:14.061-03:00  WARN 7312 --- [spring] [           main] org.hibernate.dialect.Dialect            : HHH000511: The 5.5.5 version for [org.hibernate.dialect.MySQLDialect] is no longer supported, hence certain features may not work properly. The minimum supported version is 8.0.0. Check the community dialects project for available legacy versions.
2025-02-16T20:30:16.375-03:00  INFO 7312 --- [spring] [           main] o.h.e.t.j.p.i.JtaPlatformInitiator       : HHH000489: No JTA platform available (set 'hibernate.transaction.jta.platform' to enable JTA platform integration)
2025-02-16T20:30:16.855-03:00  INFO 7312 --- [spring] [           main] j.LocalContainerEntityManagerFactoryBean : Initialized JPA EntityManagerFactory for persistence unit 'default'
2025-02-16T20:30:18.973-03:00  WARN 7312 --- [spring] [           main] JpaBaseConfiguration$JpaWebConfiguration : spring.jpa.open-in-view is enabled by default. Therefore, database queries may be performed during view rendering. Explicitly configure spring.jpa.open-in-view to disable this warning
2025-02-16T20:30:19.387-03:00 DEBUG 7312 --- [spring] [           main] s.w.s.m.m.a.RequestMappingHandlerMapping : 60 mappings in 'requestMappingHandlerMapping'
2025-02-16T20:30:19.905-03:00 DEBUG 7312 --- [spring] [           main] s.w.s.m.m.a.RequestMappingHandlerAdapter : ControllerAdvice beans: 0 @ModelAttribute, 0 @InitBinder, 1 RequestBodyAdvice, 1 ResponseBodyAdvice
2025-02-16T20:30:20.002-03:00 DEBUG 7312 --- [spring] [           main] .m.m.a.ExceptionHandlerExceptionResolver : ControllerAdvice beans: 0 @ExceptionHandler, 1 ResponseBodyAdvice
2025-02-16T20:30:20.164-03:00  INFO 7312 --- [spring] [           main] eAuthenticationProviderManagerConfigurer : Global AuthenticationManager configured with AuthenticationProvider bean with name authenticationProvider
2025-02-16T20:30:20.180-03:00  WARN 7312 --- [spring] [           main] r$InitializeUserDetailsManagerConfigurer : Global AuthenticationManager configured with an AuthenticationProvider bean. UserDetailsService beans will not be used for username/password login. Consider removing the AuthenticationProvider bean. Alternatively, consider using the UserDetailsService in a manually instantiated DaoAuthenticationProvider.
2025-02-16T20:30:21.314-03:00  INFO 7312 --- [spring] [           main] com.minseg.spring.ApplicationTests       : Started ApplicationTests in 12.533 seconds (process running for 15.509)
]]></system-out>
    <system-err><![CDATA[WARNING: A Java agent has been loaded dynamically (C:\Users\Juan\.m2\repository\net\bytebuddy\byte-buddy-agent\1.14.19\byte-buddy-agent-1.14.19.jar)
WARNING: If a serviceability tool is in use, please run with -XX:+EnableDynamicAgentLoading to hide this warning
WARNING: If a serviceability tool is not in use, please run with -Djdk.instrument.traceUsage for more information
WARNING: Dynamic loading of agents will be disallowed by default in a future release
]]></system-err>
  </testcase>
</testsuite>